<?xml version="1.0" encoding="UTF-8"?>
<testsuite name="MiniTest::Spec" tests="0" time="0.000387" failures="0" errors="0" skipped="0" assertions="0" timestamp="2014-04-07T16:38:21+07:00">
  <system-out>
  </system-out>
  <system-err>
  </system-err>
</testsuite>
