<?xml version="1.0" encoding="UTF-8"?>
<testsuite name="Alpha" tests="2" time="11.358161" failures="0" errors="0" skipped="0" assertions="1" timestamp="2014-04-07T16:38:10+07:00">
  <testcase name="test_0002_greets you by name" time="5.753292" assertions="0">
  </testcase>
  <testcase name="test_0001_Verify User is able to  Login using credentials  on http://newtours.demoaut.com/" time="5.604498" assertions="1">
  </testcase>
  <system-out>
  </system-out>
  <system-err>
  </system-err>
</testsuite>
