<?xml version="1.0" encoding="UTF-8"?>
<testsuite name="HelloWorld_test" tests="1" time="0.000351" failures="0" errors="0" skipped="0" assertions="1" timestamp="2014-04-07T16:29:23+07:00">
  <testcase name="test_add" time="7.0e-05" assertions="1">
  </testcase>
  <system-out>
  </system-out>
  <system-err>
  </system-err>
</testsuite>
