<?xml version="1.0" encoding="UTF-8"?>
<testsuite name="HelloWorld_test" tests="1" time="0.001" failures="0" errors="0" skipped="0" assertions="1">
  <testcase name="test_add" time="0.0" assertions="1">
  </testcase>
  <system-out>
  </system-out>
  <system-err>
  </system-err>
</testsuite>
